<?xml version="1.0" encoding="UTF-8"?>
<robot generator="Robot 7.0 (Python 3.12.1 on win32)" generated="2024-02-13T16:58:39.765270" rpa="false" schemaversion="5">
<suite id="s1" name="Exercicio 19" source="C:\Users\Carlos Eduardo\Desktop\exercicios_logica\exercicio_19.robot">
<test id="s1-t1" name="Verificar numero par ou impar" line="10">
<kw name="Run Keyword If" owner="BuiltIn">
<kw name="Set Variable" owner="BuiltIn">
<arg>impar</arg>
<doc>Returns the given values which can then be assigned to a variables.</doc>
<status status="PASS" start="2024-02-13T16:58:39.801021" elapsed="0.000000"/>
</kw>
<msg time="2024-02-13T16:58:39.801021" level="INFO">${resultado} = impar</msg>
<var>${resultado}</var>
<arg>${numero} % 2 == 0</arg>
<arg>Set Variable</arg>
<arg>par</arg>
<arg>ELSE</arg>
<arg>Set Variable</arg>
<arg>impar</arg>
<doc>Runs the given keyword with the given arguments, if ``condition`` is true.</doc>
<status status="PASS" start="2024-02-13T16:58:39.801021" elapsed="0.000000"/>
</kw>
<kw name="Log To Console" owner="BuiltIn">
<arg>\nO número é ${resultado}</arg>
<doc>Logs the given message to the console.</doc>
<status status="PASS" start="2024-02-13T16:58:39.801021" elapsed="0.000000"/>
</kw>
<status status="PASS" start="2024-02-13T16:58:39.799626" elapsed="0.001395"/>
</test>
<status status="PASS" start="2024-02-13T16:58:39.770697" elapsed="0.034341"/>
</suite>
<statistics>
<total>
<stat pass="1" fail="0" skip="0">All Tests</stat>
</total>
<tag>
</tag>
<suite>
<stat pass="1" fail="0" skip="0" id="s1" name="Exercicio 19">Exercicio 19</stat>
</suite>
</statistics>
<errors>
</errors>
</robot>
